# JRE version: OpenJDK Runtime Environment Microsoft-9388408 (17.0.11+9) (build 17.0.11+9-LTS)
# Java VM: OpenJDK 64-Bit Server VM Microsoft-9388408 (17.0.11+9-LTS, mixed mode, sharing, tiered, compressed oops, compressed class ptrs, g1 gc, windows-amd64)
GC Precious Log:
 CPUs: 8 total, 8 available
 Memory: 8104M
 Large Page Support: Disabled
 NUMA Support: Disabled
 Compressed Oops: Enabled (32-bit)
 Heap Region Size: 1M
 Heap Min Capacity: 8M
 Heap Initial Capacity: 128M
 Heap Max Capacity: 2028M
 Pre-touch: Disabled
 Parallel Workers: 8
 Concurrent Workers: 2
 Concurrent Refinement Workers: 8
 Periodic GC: Disabled
Heap:
 garbage-first heap   total 131072K, used 68241K [0x0000000081400000, 0x0000000100000000)
  region size 1024K, 4 young (4096K), 4 survivors (4096K)
 Metaspace       used 55140K, committed 55488K, reserved 1114112K
  class space    used 6286K, committed 6464K, reserved 1048576K
GC Heap History (20 events):
Event: 11.616 GC heap after
{Heap after GC invocations=13 (full 0):
 garbage-first heap   total 58368K, used 32286K [0x0000000081400000, 0x0000000100000000)
  region size 1024K, 2 young (2048K), 2 survivors (2048K)
 Metaspace       used 39106K, committed 39424K, reserved 1114112K
  class space    used 4708K, committed 4864K, reserved 1048576K
}
Event: 12.467 GC heap before
{Heap before GC invocations=14 (full 0):
 garbage-first heap   total 58368K, used 45598K [0x0000000081400000, 0x0000000100000000)
  region size 1024K, 15 young (15360K), 2 survivors (2048K)
 Metaspace       used 40781K, committed 41024K, reserved 1114112K
  class space    used 4867K, committed 4992K, reserved 1048576K
}
Event: 12.480 GC heap after
{Heap after GC invocations=15 (full 0):
 garbage-first heap   total 58368K, used 34084K [0x0000000081400000, 0x0000000100000000)
  region size 1024K, 2 young (2048K), 2 survivors (2048K)
 Metaspace       used 40781K, committed 41024K, reserved 1114112K
  class space    used 4867K, committed 4992K, reserved 1048576K
}
Event: 14.171 GC heap before
{Heap before GC invocations=15 (full 0):
 garbage-first heap   total 58368K, used 45348K [0x0000000081400000, 0x0000000100000000)
  region size 1024K, 14 young (14336K), 2 survivors (2048K)
 Metaspace       used 43704K, committed 43968K, reserved 1114112K
  class space    used 5323K, committed 5440K, reserved 1048576K
}
Event: 14.182 GC heap after
{Heap after GC invocations=16 (full 0):
 garbage-first heap   total 116736K, used 35632K [0x0000000081400000, 0x0000000100000000)
  region size 1024K, 2 young (2048K), 2 survivors (2048K)
 Metaspace       used 43704K, committed 43968K, reserved 1114112K
  class space    used 5323K, committed 5440K, reserved 1048576K
}
Event: 22.181 GC heap before
{Heap before GC invocations=17 (full 0):
 garbage-first heap   total 116736K, used 87856K [0x0000000081400000, 0x0000000100000000)
  region size 1024K, 53 young (54272K), 2 survivors (2048K)
 Metaspace       used 48228K, committed 48512K, reserved 1114112K
  class space    used 5755K, committed 5888K, reserved 1048576K
}
Event: 22.251 GC heap after
{Heap after GC invocations=18 (full 0):
 garbage-first heap   total 116736K, used 45682K [0x0000000081400000, 0x0000000100000000)
  region size 1024K, 7 young (7168K), 7 survivors (7168K)
 Metaspace       used 48228K, committed 48512K, reserved 1114112K
  class space    used 5755K, committed 5888K, reserved 1048576K
}
Event: 22.333 GC heap before
{Heap before GC invocations=18 (full 0):
 garbage-first heap   total 116736K, used 46706K [0x0000000081400000, 0x0000000100000000)
  region size 1024K, 8 young (8192K), 7 survivors (7168K)
 Metaspace       used 48256K, committed 48512K, reserved 1114112K
  class space    used 5755K, committed 5888K, reserved 1048576K
}
Event: 22.354 GC heap after
{Heap after GC invocations=19 (full 0):
 garbage-first heap   total 116736K, used 46442K [0x0000000081400000, 0x0000000100000000)
  region size 1024K, 1 young (1024K), 1 survivors (1024K)
 Metaspace       used 48256K, committed 48512K, reserved 1114112K
  class space    used 5755K, committed 5888K, reserved 1048576K
}
Event: 24.519 GC heap before
{Heap before GC invocations=19 (full 0):
 garbage-first heap   total 116736K, used 84330K [0x0000000081400000, 0x0000000100000000)
  region size 1024K, 38 young (38912K), 1 survivors (1024K)
 Metaspace       used 48768K, committed 49088K, reserved 1114112K
  class space    used 5791K, committed 5952K, reserved 1048576K
}
Event: 24.550 GC heap after
{Heap after GC invocations=20 (full 0):
 garbage-first heap   total 116736K, used 52736K [0x0000000081400000, 0x0000000100000000)
  region size 1024K, 5 young (5120K), 5 survivors (5120K)
 Metaspace       used 48768K, committed 49088K, reserved 1114112K
  class space    used 5791K, committed 5952K, reserved 1048576K
}
Event: 26.685 GC heap before
{Heap before GC invocations=20 (full 0):
 garbage-first heap   total 116736K, used 87552K [0x0000000081400000, 0x0000000100000000)
  region size 1024K, 39 young (39936K), 5 survivors (5120K)
 Metaspace       used 50263K, committed 50560K, reserved 1114112K
  class space    used 5909K, committed 6080K, reserved 1048576K
}
Event: 26.715 GC heap after
{Heap after GC invocations=21 (full 0):
 garbage-first heap   total 116736K, used 56255K [0x0000000081400000, 0x0000000100000000)
  region size 1024K, 4 young (4096K), 4 survivors (4096K)
 Metaspace       used 50263K, committed 50560K, reserved 1114112K
  class space    used 5909K, committed 6080K, reserved 1048576K
}
Event: 32.063 GC heap before
{Heap before GC invocations=21 (full 0):
 garbage-first heap   total 116736K, used 90047K [0x0000000081400000, 0x0000000100000000)
  region size 1024K, 37 young (37888K), 4 survivors (4096K)
 Metaspace       used 53238K, committed 53504K, reserved 1114112K
  class space    used 6119K, committed 6272K, reserved 1048576K
}
Event: 32.091 GC heap after
{Heap after GC invocations=22 (full 0):
 garbage-first heap   total 116736K, used 59231K [0x0000000081400000, 0x0000000100000000)
  region size 1024K, 3 young (3072K), 3 survivors (3072K)
 Metaspace       used 53238K, committed 53504K, reserved 1114112K
  class space    used 6119K, committed 6272K, reserved 1048576K
}
Event: 38.961 GC heap before
{Heap before GC invocations=23 (full 0):
 garbage-first heap   total 116736K, used 95071K [0x0000000081400000, 0x0000000100000000)
  region size 1024K, 36 young (36864K), 3 survivors (3072K)
 Metaspace       used 54319K, committed 54592K, reserved 1114112K
  class space    used 6209K, committed 6336K, reserved 1048576K
}
Event: 38.985 GC heap after
{Heap after GC invocations=24 (full 0):
 garbage-first heap   total 116736K, used 65460K [0x0000000081400000, 0x0000000100000000)
  region size 1024K, 5 young (5120K), 5 survivors (5120K)
 Metaspace       used 54319K, committed 54592K, reserved 1114112K
  class space    used 6209K, committed 6336K, reserved 1048576K
}
Event: 39.136 GC heap before
{Heap before GC invocations=24 (full 0):
 garbage-first heap   total 116736K, used 66484K [0x0000000081400000, 0x0000000100000000)
  region size 1024K, 6 young (6144K), 5 survivors (5120K)
 Metaspace       used 54329K, committed 54592K, reserved 1114112K
  class space    used 6209K, committed 6336K, reserved 1048576K
}
Event: 39.153 GC heap after
{Heap after GC invocations=25 (full 0):
 garbage-first heap   total 116736K, used 65835K [0x0000000081400000, 0x0000000100000000)
  region size 1024K, 1 young (1024K), 1 survivors (1024K)
 Metaspace       used 54329K, committed 54592K, reserved 1114112K
  class space    used 6209K, committed 6336K, reserved 1048576K
}
Event: 42.741 GC heap before
{Heap before GC invocations=25 (full 0):
 garbage-first heap   total 116736K, used 94507K [0x0000000081400000, 0x0000000100000000)
  region size 1024K, 28 young (28672K), 1 survivors (1024K)
 Metaspace       used 55140K, committed 55488K, reserved 1114112K
  class space    used 6286K, committed 6464K, reserved 1048576K
}

